<?xml version="1.0" encoding="UTF-8"?>
<!-- Generated by org.testng.reporters.JUnitReportReporter -->
<testsuite hostname="micromedia-PC" failures="0" tests="1" name="Runner.AmazonRunner" time="56.036" errors="0" timestamp="2021-04-22T09:48:31 EDT" skipped="0">
  <testcase classname="Runner.AmazonRunner" name="runScenario" time="56.036"/>
  <system-out/>
</testsuite> <!-- Runner.AmazonRunner -->
