<?xml version="1.0" encoding="UTF-8"?>
<!-- Generated by org.testng.reporters.JUnitReportReporter -->
<testsuite hostname="micromedia-PC" failures="0" tests="4" name="DumyTest.DummyTest" time="21.144" errors="0" timestamp="2021-04-22T09:48:54 EDT" skipped="0">
  <testcase classname="DumyTest.DummyTest" name="deteMessagesuccessfullyTest" time="5.945"/>
  <system-out/>
  <testcase classname="DumyTest.DummyTest" name="getEmployeeDetailTest" time="5.940"/>
  <system-out/>
  <testcase classname="DumyTest.DummyTest" name="getstatusTest" time="4.628"/>
  <system-out/>
  <testcase classname="DumyTest.DummyTest" name="deleteEmployeeIDTest" time="4.631"/>
  <system-out/>
</testsuite> <!-- DumyTest.DummyTest -->
